<?xml version="1.0" encoding="UTF-8"?>
<!-- Generated by org.testng.reporters.JUnitXMLReporter -->
<testsuite ignored="4" hostname="LTIN219782" failures="0" tests="21" name="Test" time="127.512" errors="0" timestamp="2024-02-29T09:34:17 IST">
  <testcase classname="TestCases.CarLoanTest" name="Test1_001" time="1.46"/>
  <testcase classname="TestCases.CarLoanTest" name="Test1_002" time="1.102"/>
  <testcase classname="TestCases.CarLoanTest" name="Test1_003" time="0.817"/>
  <testcase classname="TestCases.CarLoanTest" name="Test1_004" time="0.152"/>
  <testcase classname="TestCases.HomeLoanTest" name="Test2_001" time="2.249"/>
  <testcase classname="TestCases.HomeLoanTest" name="Test2_002" time="4.323"/>
  <testcase classname="TestCases.HomeLoanTest" name="Test2_003" time="3.342"/>
  <testcase classname="TestCases.HomeLoanTest" name="Test2_004" time="1.759"/>
  <testcase classname="TestCases.HomeLoanTest" name="Test2_005" time="3.7"/>
  <testcase classname="TestCases.HomeLoanTest" name="Test2_006" time="21.344"/>
  <testcase classname="TestCases.LoanCalculatorTest" name="Test3_001" time="2.014"/>
  <testcase classname="TestCases.LoanCalculatorTest" name="Test3_002" time="0.355"/>
  <testcase classname="TestCases.LoanCalculatorTest" name="Test3_003" time="0.284"/>
  <testcase classname="TestCases.LoanCalculatorTest" name="Test3_004" time="0.309"/>
  <testcase classname="TestCases.LoanCalculatorTest" name="Test3_005" time="1.169"/>
  <testcase classname="TestCases.LoanCalculatorTest" name="Test3_006" time="0.57"/>
  <testcase classname="TestCases.LoanCalculatorTest" name="Test3_007" time="1.23"/>
  <testcase classname="TestCases.LoanCalculatorTest" name="Test3_008" time="0.393"/>
  <testcase classname="TestCases.LoanCalculatorTest" name="Test3_009" time="0.768"/>
  <testcase classname="TestCases.LoanCalculatorTest" name="Test_010" time="0.917"/>
  <testcase classname="TestCases.LoanCalculatorTest" name="Test3_011" time="0.303"/>
  <testcase classname="testBase.BaseClass" name="@AfterTest teardown" time="0.0">
    <ignored/>
  </testcase> <!-- @AfterTest teardown -->
  <testcase classname="testBase.BaseClass" name="@AfterTest teardown" time="0.0">
    <ignored/>
  </testcase> <!-- @AfterTest teardown -->
  <testcase classname="testBase.BaseClass" name="@BeforeTest setup" time="0.0">
    <ignored/>
  </testcase> <!-- @BeforeTest setup -->
  <testcase classname="testBase.BaseClass" name="@BeforeTest setup" time="0.0">
    <ignored/>
  </testcase> <!-- @BeforeTest setup -->
</testsuite> <!-- Test -->
