<?xml version="1.0" encoding="UTF-8"?>
<!-- Generated by org.testng.reporters.JUnitXMLReporter -->
<testsuite ignored="4" hostname="LTIN219782" failures="0" tests="21" name="Test" time="88.164" errors="0" timestamp="2024-02-28T15:52:22 IST">
  <testcase classname="TestCases.CarLoanTest" name="Test1_001" time="17.92"/>
  <testcase classname="TestCases.CarLoanTest" name="Test1_002" time="1.659"/>
  <testcase classname="TestCases.CarLoanTest" name="Test1_003" time="1.277"/>
  <testcase classname="TestCases.CarLoanTest" name="Test1_004" time="0.135"/>
  <testcase classname="TestCases.HomeLoanTest" name="Test2_001" time="1.55"/>
  <testcase classname="TestCases.HomeLoanTest" name="Test2_002" time="4.532"/>
  <testcase classname="TestCases.HomeLoanTest" name="Test2_003" time="2.925"/>
  <testcase classname="TestCases.HomeLoanTest" name="Test2_004" time="1.306"/>
  <testcase classname="TestCases.HomeLoanTest" name="Test2_005" time="3.581"/>
  <testcase classname="TestCases.HomeLoanTest" name="Test2_006" time="12.815"/>
  <testcase classname="TestCases.LoanCalculatorTest" name="Test3_001" time="6.551"/>
  <testcase classname="TestCases.LoanCalculatorTest" name="Test3_002" time="0.102"/>
  <testcase classname="TestCases.LoanCalculatorTest" name="Test3_003" time="0.116"/>
  <testcase classname="TestCases.LoanCalculatorTest" name="Test3_004" time="0.08"/>
  <testcase classname="TestCases.LoanCalculatorTest" name="Test3_005" time="0.44"/>
  <testcase classname="TestCases.LoanCalculatorTest" name="Test3_006" time="0.171"/>
  <testcase classname="TestCases.LoanCalculatorTest" name="Test3_007" time="0.34"/>
  <testcase classname="TestCases.LoanCalculatorTest" name="Test3_008" time="0.093"/>
  <testcase classname="TestCases.LoanCalculatorTest" name="Test3_009" time="0.528"/>
  <testcase classname="TestCases.LoanCalculatorTest" name="Test_010" time="0.504"/>
  <testcase classname="TestCases.LoanCalculatorTest" name="Test3_011" time="0.748"/>
  <testcase classname="testBase.BaseClass" name="@BeforeTest setup" time="0.0">
    <ignored/>
  </testcase> <!-- @BeforeTest setup -->
  <testcase classname="testBase.BaseClass" name="@BeforeTest setup" time="0.0">
    <ignored/>
  </testcase> <!-- @BeforeTest setup -->
  <testcase classname="testBase.BaseClass" name="@AfterTest teardown" time="0.0">
    <ignored/>
  </testcase> <!-- @AfterTest teardown -->
  <testcase classname="testBase.BaseClass" name="@AfterTest teardown" time="0.0">
    <ignored/>
  </testcase> <!-- @AfterTest teardown -->
</testsuite> <!-- Test -->
