<?xml version="1.0" encoding="UTF-8"?>
<testng-results ignored="0" total="21" passed="21" failed="0" skipped="0">
  <reporter-output>
  </reporter-output>
  <suite started-at="2024-02-28T15:50:42 IST" name="Suite" finished-at="2024-02-28T15:52:11 IST" duration-ms="88164">
    <groups>
    </groups>
    <test started-at="2024-02-28T15:50:42 IST" name="Test" finished-at="2024-02-28T15:52:11 IST" duration-ms="88164">
      <class name="TestCases.HomeLoanTest">
        <test-method signature="Test2_001()[pri:1, instance:TestCases.HomeLoanTest@6e9a5ed8]" started-at="2024-02-28T15:51:24 IST" name="Test2_001" finished-at="2024-02-28T15:51:26 IST" duration-ms="1550" status="PASS">
          <reporter-output>
          </reporter-output>
        </test-method> <!-- Test2_001 -->
        <test-method signature="Test2_002()[pri:2, instance:TestCases.HomeLoanTest@6e9a5ed8]" started-at="2024-02-28T15:51:27 IST" name="Test2_002" finished-at="2024-02-28T15:51:31 IST" duration-ms="4532" status="PASS">
          <reporter-output>
          </reporter-output>
        </test-method> <!-- Test2_002 -->
        <test-method signature="Test2_003()[pri:3, instance:TestCases.HomeLoanTest@6e9a5ed8]" started-at="2024-02-28T15:51:31 IST" name="Test2_003" finished-at="2024-02-28T15:51:34 IST" duration-ms="2925" status="PASS">
          <reporter-output>
          </reporter-output>
        </test-method> <!-- Test2_003 -->
        <test-method signature="Test2_004()[pri:4, instance:TestCases.HomeLoanTest@6e9a5ed8]" started-at="2024-02-28T15:51:35 IST" name="Test2_004" finished-at="2024-02-28T15:51:36 IST" duration-ms="1306" status="PASS">
          <reporter-output>
          </reporter-output>
        </test-method> <!-- Test2_004 -->
        <test-method signature="Test2_005()[pri:5, instance:TestCases.HomeLoanTest@6e9a5ed8]" started-at="2024-02-28T15:51:37 IST" name="Test2_005" finished-at="2024-02-28T15:51:40 IST" duration-ms="3581" status="PASS">
          <reporter-output>
          </reporter-output>
        </test-method> <!-- Test2_005 -->
        <test-method signature="Test2_006()[pri:6, instance:TestCases.HomeLoanTest@6e9a5ed8]" started-at="2024-02-28T15:51:41 IST" name="Test2_006" finished-at="2024-02-28T15:51:54 IST" duration-ms="12815" status="PASS">
          <reporter-output>
          </reporter-output>
        </test-method> <!-- Test2_006 -->
      </class> <!-- TestCases.HomeLoanTest -->
      <class name="TestCases.LoanCalculatorTest">
        <test-method signature="Test3_001()[pri:1, instance:TestCases.LoanCalculatorTest@7e057f43]" started-at="2024-02-28T15:51:54 IST" name="Test3_001" finished-at="2024-02-28T15:52:00 IST" duration-ms="6551" status="PASS">
          <reporter-output>
          </reporter-output>
        </test-method> <!-- Test3_001 -->
        <test-method signature="Test3_002()[pri:2, instance:TestCases.LoanCalculatorTest@7e057f43]" started-at="2024-02-28T15:52:01 IST" name="Test3_002" finished-at="2024-02-28T15:52:01 IST" duration-ms="102" status="PASS">
          <reporter-output>
          </reporter-output>
        </test-method> <!-- Test3_002 -->
        <test-method signature="Test3_003()[pri:3, instance:TestCases.LoanCalculatorTest@7e057f43]" started-at="2024-02-28T15:52:01 IST" name="Test3_003" finished-at="2024-02-28T15:52:01 IST" duration-ms="116" status="PASS">
          <reporter-output>
          </reporter-output>
        </test-method> <!-- Test3_003 -->
        <test-method signature="Test3_004()[pri:4, instance:TestCases.LoanCalculatorTest@7e057f43]" started-at="2024-02-28T15:52:02 IST" name="Test3_004" finished-at="2024-02-28T15:52:02 IST" duration-ms="80" status="PASS">
          <reporter-output>
          </reporter-output>
        </test-method> <!-- Test3_004 -->
        <test-method signature="Test3_005()[pri:5, instance:TestCases.LoanCalculatorTest@7e057f43]" started-at="2024-02-28T15:52:02 IST" name="Test3_005" finished-at="2024-02-28T15:52:03 IST" duration-ms="440" status="PASS">
          <reporter-output>
          </reporter-output>
        </test-method> <!-- Test3_005 -->
        <test-method signature="Test3_006()[pri:6, instance:TestCases.LoanCalculatorTest@7e057f43]" started-at="2024-02-28T15:52:03 IST" name="Test3_006" finished-at="2024-02-28T15:52:03 IST" duration-ms="171" status="PASS">
          <reporter-output>
          </reporter-output>
        </test-method> <!-- Test3_006 -->
        <test-method signature="Test3_007()[pri:7, instance:TestCases.LoanCalculatorTest@7e057f43]" started-at="2024-02-28T15:52:03 IST" name="Test3_007" finished-at="2024-02-28T15:52:04 IST" duration-ms="340" status="PASS">
          <reporter-output>
          </reporter-output>
        </test-method> <!-- Test3_007 -->
        <test-method signature="Test3_008()[pri:8, instance:TestCases.LoanCalculatorTest@7e057f43]" started-at="2024-02-28T15:52:04 IST" name="Test3_008" finished-at="2024-02-28T15:52:04 IST" duration-ms="93" status="PASS">
          <reporter-output>
          </reporter-output>
        </test-method> <!-- Test3_008 -->
        <test-method signature="Test3_009()[pri:9, instance:TestCases.LoanCalculatorTest@7e057f43]" started-at="2024-02-28T15:52:04 IST" name="Test3_009" finished-at="2024-02-28T15:52:05 IST" duration-ms="528" status="PASS">
          <reporter-output>
          </reporter-output>
        </test-method> <!-- Test3_009 -->
        <test-method signature="Test_010()[pri:10, instance:TestCases.LoanCalculatorTest@7e057f43]" started-at="2024-02-28T15:52:05 IST" name="Test_010" finished-at="2024-02-28T15:52:06 IST" duration-ms="504" status="PASS">
          <reporter-output>
          </reporter-output>
        </test-method> <!-- Test_010 -->
        <test-method signature="Test3_011()[pri:11, instance:TestCases.LoanCalculatorTest@7e057f43]" started-at="2024-02-28T15:52:06 IST" name="Test3_011" finished-at="2024-02-28T15:52:07 IST" duration-ms="748" status="PASS">
          <reporter-output>
          </reporter-output>
        </test-method> <!-- Test3_011 -->
      </class> <!-- TestCases.LoanCalculatorTest -->
      <class name="TestCases.CarLoanTest">
        <test-method is-config="true" signature="setup(java.lang.String,java.lang.String)[pri:0, instance:TestCases.CarLoanTest@5386659f]" started-at="2024-02-28T15:50:43 IST" name="setup" finished-at="2024-02-28T15:51:01 IST" duration-ms="18092" status="PASS">
          <params>
            <param index="0">
              <value>
                <![CDATA[windows]]>
              </value>
            </param>
            <param index="1">
              <value>
                <![CDATA[chrome]]>
              </value>
            </param>
          </params>
          <reporter-output>
          </reporter-output>
        </test-method> <!-- setup -->
        <test-method signature="Test1_001()[pri:1, instance:TestCases.CarLoanTest@5386659f]" started-at="2024-02-28T15:51:01 IST" name="Test1_001" finished-at="2024-02-28T15:51:19 IST" duration-ms="17920" status="PASS">
          <reporter-output>
          </reporter-output>
        </test-method> <!-- Test1_001 -->
        <test-method signature="Test1_002()[pri:2, instance:TestCases.CarLoanTest@5386659f]" started-at="2024-02-28T15:51:20 IST" name="Test1_002" finished-at="2024-02-28T15:51:22 IST" duration-ms="1659" status="PASS">
          <reporter-output>
          </reporter-output>
        </test-method> <!-- Test1_002 -->
        <test-method signature="Test1_003()[pri:3, instance:TestCases.CarLoanTest@5386659f]" started-at="2024-02-28T15:51:22 IST" name="Test1_003" finished-at="2024-02-28T15:51:23 IST" duration-ms="1277" status="PASS">
          <reporter-output>
          </reporter-output>
        </test-method> <!-- Test1_003 -->
        <test-method signature="Test1_004()[pri:4, instance:TestCases.CarLoanTest@5386659f]" started-at="2024-02-28T15:51:24 IST" name="Test1_004" finished-at="2024-02-28T15:51:24 IST" duration-ms="135" status="PASS">
          <reporter-output>
          </reporter-output>
        </test-method> <!-- Test1_004 -->
        <test-method is-config="true" signature="teardown()[pri:0, instance:TestCases.CarLoanTest@5386659f]" started-at="2024-02-28T15:52:07 IST" name="teardown" finished-at="2024-02-28T15:52:11 IST" duration-ms="3492" status="PASS">
          <reporter-output>
          </reporter-output>
        </test-method> <!-- teardown -->
      </class> <!-- TestCases.CarLoanTest -->
    </test> <!-- Test -->
  </suite> <!-- Suite -->
</testng-results>
