<?xml version="1.0" encoding="UTF-8"?>
<testsuite xmlns:xsi="http://www.w3.org/2001/XMLSchema-instance" xsi:noNamespaceSchemaLocation="https://maven.apache.org/surefire/maven-surefire-plugin/xsd/surefire-test-report-3.0.xsd" version="3.0" name="TestSuite" time="100.841" tests="21" errors="0" skipped="0" failures="0">
  <properties>
[...]
</properties>
  <testcase name="Test1_001" classname="TestCases.CarLoanTest" time="18.689">
    <system-err><![CDATA[SLF4J(W): No SLF4J providers were found.
SLF4J(W): Defaulting to no-operation (NOP) logger implementation
SLF4J(W): See https://www.slf4j.org/codes.html#noProviders for further details.
Feb 28, 2024 3:50:56 PM org.openqa.selenium.devtools.CdpVersionFinder findNearestMatch
WARNING: Unable to find CDP implementation matching 115
Feb 28, 2024 3:50:56 PM org.openqa.selenium.chromium.ChromiumDriver lambda$new$5
WARNING: Unable to find version of CDP to use for 115.0.5790.99. You may need to include a dependency on a specific version of the CDP using something similar to `org.seleniumhq.selenium:selenium-devtools-v86:4.18.1` where the version ("v86") matches the version of the chromium-based browser you're using and the version number of the artifact is the same as Selenium's.
]]></system-err>
  </testcase>
  <testcase name="Test1_002" classname="TestCases.CarLoanTest" time="2.089"/>
  <testcase name="Test1_003" classname="TestCases.CarLoanTest" time="1.768">
    <system-out><![CDATA[LoanEMI:1,31,525
]]></system-out>
  </testcase>
  <testcase name="Test1_004" classname="TestCases.CarLoanTest" time="0.49">
    <system-out><![CDATA[InterestAmount:11875
PrincipalAmount:1500000
]]></system-out>
  </testcase>
  <testcase name="Test2_001" classname="TestCases.HomeLoanTest" time="2.211"/>
  <testcase name="Test2_002" classname="TestCases.HomeLoanTest" time="4.9"/>
  <testcase name="Test2_003" classname="TestCases.HomeLoanTest" time="3.296"/>
  <testcase name="Test2_004" classname="TestCases.HomeLoanTest" time="1.817"/>
  <testcase name="Test2_005" classname="TestCases.HomeLoanTest" time="4.191"/>
  <testcase name="Test2_006" classname="TestCases.HomeLoanTest" time="13.103"/>
  <testcase name="Test3_001" classname="TestCases.LoanCalculatorTest" time="6.938">
    <system-out><![CDATA[************************emiamountPage**********************************
]]></system-out>
  </testcase>
  <testcase name="Test3_002" classname="TestCases.LoanCalculatorTest" time="0.428">
    <system-out><![CDATA[emiamountCheckbox is enabled or not
true
emiamountslider is enabled or not
true
]]></system-out>
  </testcase>
  <testcase name="Test3_003" classname="TestCases.LoanCalculatorTest" time="0.432">
    <system-out><![CDATA[emiInterestCheckbox is enabled or not
true
emiInterestSlider is enabled or not
true
]]></system-out>
  </testcase>
  <testcase name="Test3_004" classname="TestCases.LoanCalculatorTest" time="0.426">
    <system-out><![CDATA[emiInterestCheckbox is enabled or not
true
emiInterestSlider is enabled or not
true
]]></system-out>
  </testcase>
  <testcase name="Test3_005" classname="TestCases.LoanCalculatorTest" time="0.778">
    <system-out><![CDATA[emiTensureCheckbox is enabled or not
true
60
5
Passed
]]></system-out>
  </testcase>
  <testcase name="Test3_006" classname="TestCases.LoanCalculatorTest" time="0.41">
    <system-out><![CDATA[feesCheckbox is enabled or not
true
feesslider is enabled or not
true
]]></system-out>
  </testcase>
  <testcase name="Test3_007" classname="TestCases.LoanCalculatorTest" time="0.619">
    <system-out><![CDATA[************************loanAmountCalculatorPage**********************************
loanAmountCheckbox is enabled or not
true
loanAmountSlider is enabled or not
true
]]></system-out>
  </testcase>
  <testcase name="Test3_008" classname="TestCases.LoanCalculatorTest" time="0.387">
    <system-out><![CDATA[loanInterestCheckbox is enabled or not
true
loanInterestSlider is enabled or not
true
]]></system-out>
  </testcase>
  <testcase name="Test3_009" classname="TestCases.LoanCalculatorTest" time="0.818">
    <system-out><![CDATA[loanAmountTensurecheckbox is enabled or not
true
60
5
Passed
chargesCheckbox is enabled or not
true
chargesSlider is enabled or not
true
]]></system-out>
  </testcase>
  <testcase name="Test_010" classname="TestCases.LoanCalculatorTest" time="0.847">
    <system-out><![CDATA[************************loanTensureCalculatorPage**********************************
loanTensureAmountcheckbox is enabled or not
true
loanTensureAmountSlider is enabled or not
true
loanTensureEmicheckbox is enabled or not
true
loanTensureEmiSlider is enabled or not
true
]]></system-out>
  </testcase>
  <testcase name="Test3_011" classname="TestCases.LoanCalculatorTest" time="1.048">
    <system-out><![CDATA[loanAmountInterestcheckbox is enabled or not
true
loanAmountInterestSlider is enabled or not
true
loanAmountfeesCheckbox is enabled or not
true
loanAmountfeesSlider is enabled or not
true
]]></system-out>
  </testcase>
</testsuite>