<?xml version="1.0" encoding="UTF-8"?>
<testng-results ignored="4" total="25" passed="21" failed="0" skipped="0">
  <reporter-output>
  </reporter-output>
  <suite started-at="2024-02-29T09:32:10 IST" name="Suite" finished-at="2024-02-29T09:34:17 IST" duration-ms="127512">
    <groups>
      <group name="regression">
        <method signature="CarLoanTest.Test1_001()[pri:1, instance:TestCases.CarLoanTest@3012646b]" name="Test1_001" class="TestCases.CarLoanTest"/>
        <method signature="CarLoanTest.Test1_002()[pri:2, instance:TestCases.CarLoanTest@3012646b]" name="Test1_002" class="TestCases.CarLoanTest"/>
        <method signature="CarLoanTest.Test1_003()[pri:3, instance:TestCases.CarLoanTest@3012646b]" name="Test1_003" class="TestCases.CarLoanTest"/>
        <method signature="CarLoanTest.Test1_004()[pri:4, instance:TestCases.CarLoanTest@3012646b]" name="Test1_004" class="TestCases.CarLoanTest"/>
        <method signature="HomeLoanTest.Test2_001()[pri:1, instance:TestCases.HomeLoanTest@4686afc2]" name="Test2_001" class="TestCases.HomeLoanTest"/>
        <method signature="HomeLoanTest.Test2_002()[pri:2, instance:TestCases.HomeLoanTest@4686afc2]" name="Test2_002" class="TestCases.HomeLoanTest"/>
        <method signature="HomeLoanTest.Test2_003()[pri:3, instance:TestCases.HomeLoanTest@4686afc2]" name="Test2_003" class="TestCases.HomeLoanTest"/>
        <method signature="HomeLoanTest.Test2_004()[pri:4, instance:TestCases.HomeLoanTest@4686afc2]" name="Test2_004" class="TestCases.HomeLoanTest"/>
        <method signature="HomeLoanTest.Test2_005()[pri:5, instance:TestCases.HomeLoanTest@4686afc2]" name="Test2_005" class="TestCases.HomeLoanTest"/>
        <method signature="HomeLoanTest.Test2_006()[pri:6, instance:TestCases.HomeLoanTest@4686afc2]" name="Test2_006" class="TestCases.HomeLoanTest"/>
        <method signature="LoanCalculatorTest.Test3_001()[pri:1, instance:TestCases.LoanCalculatorTest@1e0b4072]" name="Test3_001" class="TestCases.LoanCalculatorTest"/>
        <method signature="LoanCalculatorTest.Test3_002()[pri:2, instance:TestCases.LoanCalculatorTest@1e0b4072]" name="Test3_002" class="TestCases.LoanCalculatorTest"/>
        <method signature="LoanCalculatorTest.Test3_003()[pri:3, instance:TestCases.LoanCalculatorTest@1e0b4072]" name="Test3_003" class="TestCases.LoanCalculatorTest"/>
        <method signature="LoanCalculatorTest.Test3_004()[pri:4, instance:TestCases.LoanCalculatorTest@1e0b4072]" name="Test3_004" class="TestCases.LoanCalculatorTest"/>
        <method signature="LoanCalculatorTest.Test3_005()[pri:5, instance:TestCases.LoanCalculatorTest@1e0b4072]" name="Test3_005" class="TestCases.LoanCalculatorTest"/>
        <method signature="LoanCalculatorTest.Test3_006()[pri:6, instance:TestCases.LoanCalculatorTest@1e0b4072]" name="Test3_006" class="TestCases.LoanCalculatorTest"/>
        <method signature="LoanCalculatorTest.Test3_007()[pri:7, instance:TestCases.LoanCalculatorTest@1e0b4072]" name="Test3_007" class="TestCases.LoanCalculatorTest"/>
        <method signature="LoanCalculatorTest.Test3_008()[pri:8, instance:TestCases.LoanCalculatorTest@1e0b4072]" name="Test3_008" class="TestCases.LoanCalculatorTest"/>
        <method signature="LoanCalculatorTest.Test3_009()[pri:9, instance:TestCases.LoanCalculatorTest@1e0b4072]" name="Test3_009" class="TestCases.LoanCalculatorTest"/>
        <method signature="LoanCalculatorTest.Test3_011()[pri:11, instance:TestCases.LoanCalculatorTest@1e0b4072]" name="Test3_011" class="TestCases.LoanCalculatorTest"/>
        <method signature="LoanCalculatorTest.Test_010()[pri:10, instance:TestCases.LoanCalculatorTest@1e0b4072]" name="Test_010" class="TestCases.LoanCalculatorTest"/>
      </group> <!-- regression -->
      <group name="smoke">
        <method signature="CarLoanTest.Test1_001()[pri:1, instance:TestCases.CarLoanTest@3012646b]" name="Test1_001" class="TestCases.CarLoanTest"/>
        <method signature="HomeLoanTest.Test2_001()[pri:1, instance:TestCases.HomeLoanTest@4686afc2]" name="Test2_001" class="TestCases.HomeLoanTest"/>
        <method signature="LoanCalculatorTest.Test3_001()[pri:1, instance:TestCases.LoanCalculatorTest@1e0b4072]" name="Test3_001" class="TestCases.LoanCalculatorTest"/>
        <method signature="LoanCalculatorTest.Test3_002()[pri:2, instance:TestCases.LoanCalculatorTest@1e0b4072]" name="Test3_002" class="TestCases.LoanCalculatorTest"/>
        <method signature="LoanCalculatorTest.Test3_003()[pri:3, instance:TestCases.LoanCalculatorTest@1e0b4072]" name="Test3_003" class="TestCases.LoanCalculatorTest"/>
        <method signature="LoanCalculatorTest.Test3_004()[pri:4, instance:TestCases.LoanCalculatorTest@1e0b4072]" name="Test3_004" class="TestCases.LoanCalculatorTest"/>
        <method signature="LoanCalculatorTest.Test3_005()[pri:5, instance:TestCases.LoanCalculatorTest@1e0b4072]" name="Test3_005" class="TestCases.LoanCalculatorTest"/>
        <method signature="LoanCalculatorTest.Test3_006()[pri:6, instance:TestCases.LoanCalculatorTest@1e0b4072]" name="Test3_006" class="TestCases.LoanCalculatorTest"/>
        <method signature="LoanCalculatorTest.Test3_007()[pri:7, instance:TestCases.LoanCalculatorTest@1e0b4072]" name="Test3_007" class="TestCases.LoanCalculatorTest"/>
        <method signature="LoanCalculatorTest.Test3_008()[pri:8, instance:TestCases.LoanCalculatorTest@1e0b4072]" name="Test3_008" class="TestCases.LoanCalculatorTest"/>
        <method signature="LoanCalculatorTest.Test3_009()[pri:9, instance:TestCases.LoanCalculatorTest@1e0b4072]" name="Test3_009" class="TestCases.LoanCalculatorTest"/>
        <method signature="LoanCalculatorTest.Test3_011()[pri:11, instance:TestCases.LoanCalculatorTest@1e0b4072]" name="Test3_011" class="TestCases.LoanCalculatorTest"/>
        <method signature="LoanCalculatorTest.Test_010()[pri:10, instance:TestCases.LoanCalculatorTest@1e0b4072]" name="Test_010" class="TestCases.LoanCalculatorTest"/>
      </group> <!-- smoke -->
    </groups>
    <test started-at="2024-02-29T09:32:10 IST" name="Test" finished-at="2024-02-29T09:34:17 IST" duration-ms="127512">
      <class name="TestCases.HomeLoanTest">
        <test-method signature="Test2_001()[pri:1, instance:TestCases.HomeLoanTest@4686afc2]" started-at="2024-02-29T09:33:19 IST" name="Test2_001" finished-at="2024-02-29T09:33:21 IST" duration-ms="2249" status="PASS">
          <reporter-output>
          </reporter-output>
        </test-method> <!-- Test2_001 -->
        <test-method signature="Test2_002()[pri:2, instance:TestCases.HomeLoanTest@4686afc2]" started-at="2024-02-29T09:33:21 IST" name="Test2_002" finished-at="2024-02-29T09:33:26 IST" duration-ms="4323" status="PASS">
          <reporter-output>
          </reporter-output>
        </test-method> <!-- Test2_002 -->
        <test-method signature="Test2_003()[pri:3, instance:TestCases.HomeLoanTest@4686afc2]" started-at="2024-02-29T09:33:26 IST" name="Test2_003" finished-at="2024-02-29T09:33:29 IST" duration-ms="3342" status="PASS">
          <reporter-output>
          </reporter-output>
        </test-method> <!-- Test2_003 -->
        <test-method signature="Test2_004()[pri:4, instance:TestCases.HomeLoanTest@4686afc2]" started-at="2024-02-29T09:33:30 IST" name="Test2_004" finished-at="2024-02-29T09:33:32 IST" duration-ms="1759" status="PASS">
          <reporter-output>
          </reporter-output>
        </test-method> <!-- Test2_004 -->
        <test-method signature="Test2_005()[pri:5, instance:TestCases.HomeLoanTest@4686afc2]" started-at="2024-02-29T09:33:32 IST" name="Test2_005" finished-at="2024-02-29T09:33:36 IST" duration-ms="3700" status="PASS">
          <reporter-output>
          </reporter-output>
        </test-method> <!-- Test2_005 -->
        <test-method signature="Test2_006()[pri:6, instance:TestCases.HomeLoanTest@4686afc2]" started-at="2024-02-29T09:33:36 IST" name="Test2_006" finished-at="2024-02-29T09:33:58 IST" duration-ms="21344" status="PASS">
          <reporter-output>
          </reporter-output>
        </test-method> <!-- Test2_006 -->
      </class> <!-- TestCases.HomeLoanTest -->
      <class name="TestCases.LoanCalculatorTest">
        <test-method signature="Test3_001()[pri:1, instance:TestCases.LoanCalculatorTest@1e0b4072]" started-at="2024-02-29T09:33:58 IST" name="Test3_001" finished-at="2024-02-29T09:34:00 IST" duration-ms="2014" status="PASS">
          <reporter-output>
          </reporter-output>
        </test-method> <!-- Test3_001 -->
        <test-method signature="Test3_002()[pri:2, instance:TestCases.LoanCalculatorTest@1e0b4072]" started-at="2024-02-29T09:34:01 IST" name="Test3_002" finished-at="2024-02-29T09:34:01 IST" duration-ms="355" status="PASS">
          <reporter-output>
          </reporter-output>
        </test-method> <!-- Test3_002 -->
        <test-method signature="Test3_003()[pri:3, instance:TestCases.LoanCalculatorTest@1e0b4072]" started-at="2024-02-29T09:34:01 IST" name="Test3_003" finished-at="2024-02-29T09:34:02 IST" duration-ms="284" status="PASS">
          <reporter-output>
          </reporter-output>
        </test-method> <!-- Test3_003 -->
        <test-method signature="Test3_004()[pri:4, instance:TestCases.LoanCalculatorTest@1e0b4072]" started-at="2024-02-29T09:34:02 IST" name="Test3_004" finished-at="2024-02-29T09:34:03 IST" duration-ms="309" status="PASS">
          <reporter-output>
          </reporter-output>
        </test-method> <!-- Test3_004 -->
        <test-method signature="Test3_005()[pri:5, instance:TestCases.LoanCalculatorTest@1e0b4072]" started-at="2024-02-29T09:34:03 IST" name="Test3_005" finished-at="2024-02-29T09:34:04 IST" duration-ms="1169" status="PASS">
          <reporter-output>
          </reporter-output>
        </test-method> <!-- Test3_005 -->
        <test-method signature="Test3_006()[pri:6, instance:TestCases.LoanCalculatorTest@1e0b4072]" started-at="2024-02-29T09:34:05 IST" name="Test3_006" finished-at="2024-02-29T09:34:05 IST" duration-ms="570" status="PASS">
          <reporter-output>
          </reporter-output>
        </test-method> <!-- Test3_006 -->
        <test-method signature="Test3_007()[pri:7, instance:TestCases.LoanCalculatorTest@1e0b4072]" started-at="2024-02-29T09:34:06 IST" name="Test3_007" finished-at="2024-02-29T09:34:07 IST" duration-ms="1230" status="PASS">
          <reporter-output>
          </reporter-output>
        </test-method> <!-- Test3_007 -->
        <test-method signature="Test3_008()[pri:8, instance:TestCases.LoanCalculatorTest@1e0b4072]" started-at="2024-02-29T09:34:07 IST" name="Test3_008" finished-at="2024-02-29T09:34:08 IST" duration-ms="393" status="PASS">
          <reporter-output>
          </reporter-output>
        </test-method> <!-- Test3_008 -->
        <test-method signature="Test3_009()[pri:9, instance:TestCases.LoanCalculatorTest@1e0b4072]" started-at="2024-02-29T09:34:08 IST" name="Test3_009" finished-at="2024-02-29T09:34:09 IST" duration-ms="768" status="PASS">
          <reporter-output>
          </reporter-output>
        </test-method> <!-- Test3_009 -->
        <test-method signature="Test_010()[pri:10, instance:TestCases.LoanCalculatorTest@1e0b4072]" started-at="2024-02-29T09:34:09 IST" name="Test_010" finished-at="2024-02-29T09:34:10 IST" duration-ms="917" status="PASS">
          <reporter-output>
          </reporter-output>
        </test-method> <!-- Test_010 -->
        <test-method signature="Test3_011()[pri:11, instance:TestCases.LoanCalculatorTest@1e0b4072]" started-at="2024-02-29T09:34:11 IST" name="Test3_011" finished-at="2024-02-29T09:34:11 IST" duration-ms="303" status="PASS">
          <reporter-output>
          </reporter-output>
        </test-method> <!-- Test3_011 -->
      </class> <!-- TestCases.LoanCalculatorTest -->
      <class name="TestCases.CarLoanTest">
        <test-method is-config="true" signature="setup(java.lang.String,java.lang.String)[pri:0, instance:TestCases.CarLoanTest@3012646b]" started-at="2024-02-29T09:32:11 IST" name="setup" finished-at="2024-02-29T09:33:13 IST" duration-ms="62226" status="PASS">
          <params>
            <param index="0">
              <value>
                <![CDATA[windows]]>
              </value>
            </param>
            <param index="1">
              <value>
                <![CDATA[chrome]]>
              </value>
            </param>
          </params>
          <reporter-output>
          </reporter-output>
        </test-method> <!-- setup -->
        <test-method signature="Test1_001()[pri:1, instance:TestCases.CarLoanTest@3012646b]" started-at="2024-02-29T09:33:13 IST" name="Test1_001" finished-at="2024-02-29T09:33:15 IST" duration-ms="1460" status="PASS">
          <reporter-output>
          </reporter-output>
        </test-method> <!-- Test1_001 -->
        <test-method signature="Test1_002()[pri:2, instance:TestCases.CarLoanTest@3012646b]" started-at="2024-02-29T09:33:15 IST" name="Test1_002" finished-at="2024-02-29T09:33:16 IST" duration-ms="1102" status="PASS">
          <reporter-output>
          </reporter-output>
        </test-method> <!-- Test1_002 -->
        <test-method signature="Test1_003()[pri:3, instance:TestCases.CarLoanTest@3012646b]" started-at="2024-02-29T09:33:17 IST" name="Test1_003" finished-at="2024-02-29T09:33:18 IST" duration-ms="817" status="PASS">
          <reporter-output>
          </reporter-output>
        </test-method> <!-- Test1_003 -->
        <test-method signature="Test1_004()[pri:4, instance:TestCases.CarLoanTest@3012646b]" started-at="2024-02-29T09:33:18 IST" name="Test1_004" finished-at="2024-02-29T09:33:18 IST" duration-ms="152" status="PASS">
          <reporter-output>
          </reporter-output>
        </test-method> <!-- Test1_004 -->
        <test-method is-config="true" signature="teardown()[pri:0, instance:TestCases.CarLoanTest@3012646b]" started-at="2024-02-29T09:34:11 IST" name="teardown" finished-at="2024-02-29T09:34:17 IST" duration-ms="6024" status="PASS">
          <reporter-output>
          </reporter-output>
        </test-method> <!-- teardown -->
      </class> <!-- TestCases.CarLoanTest -->
    </test> <!-- Test -->
  </suite> <!-- Suite -->
</testng-results>
